Performing C SOURCE FILE Test CMAKE_HAVE_LIBC_PTHREAD failed with the following output:
Change Dir: /media/work/live2d/Samples/OpenGL/Demo/proj.linux.cmake/build/make_gcc/CMakeFiles/CMakeScratch/TryCompile-BeQzwm

Run Build Command(s):/usr/bin/make -f Makefile cmTC_52728/fast && /usr/bin/make  -f CMakeFiles/cmTC_52728.dir/build.make CMakeFiles/cmTC_52728.dir/build
make[1]: Entering directory '/media/work/live2d/Samples/OpenGL/Demo/proj.linux.cmake/build/make_gcc/CMakeFiles/CMakeScratch/TryCompile-BeQzwm'
Building C object CMakeFiles/cmTC_52728.dir/src.c.o
/usr/bin/cc -DCMAKE_HAVE_LIBC_PTHREAD   -o CMakeFiles/cmTC_52728.dir/src.c.o -c /media/work/live2d/Samples/OpenGL/Demo/proj.linux.cmake/build/make_gcc/CMakeFiles/CMakeScratch/TryCompile-BeQzwm/src.c
Linking C executable cmTC_52728
/usr/bin/cmake -E cmake_link_script CMakeFiles/cmTC_52728.dir/link.txt --verbose=1
/usr/bin/cc CMakeFiles/cmTC_52728.dir/src.c.o -o cmTC_52728 
CMakeFiles/cmTC_52728.dir/src.c.o: In function `main':
src.c:(.text+0x3e): undefined reference to `pthread_create'
src.c:(.text+0x4a): undefined reference to `pthread_detach'
src.c:(.text+0x56): undefined reference to `pthread_cancel'
src.c:(.text+0x67): undefined reference to `pthread_join'
src.c:(.text+0x7b): undefined reference to `pthread_atfork'
collect2: error: ld returned 1 exit status
CMakeFiles/cmTC_52728.dir/build.make:98: recipe for target 'cmTC_52728' failed
make[1]: *** [cmTC_52728] Error 1
make[1]: Leaving directory '/media/work/live2d/Samples/OpenGL/Demo/proj.linux.cmake/build/make_gcc/CMakeFiles/CMakeScratch/TryCompile-BeQzwm'
Makefile:127: recipe for target 'cmTC_52728/fast' failed
make: *** [cmTC_52728/fast] Error 2


Source file was:
#include <pthread.h>

static void* test_func(void* data)
{
  return data;
}

int main(void)
{
  pthread_t thread;
  pthread_create(&thread, NULL, test_func, NULL);
  pthread_detach(thread);
  pthread_cancel(thread);
  pthread_join(thread, NULL);
  pthread_atfork(NULL, NULL, NULL);
  pthread_exit(NULL);

  return 0;
}


Determining if the function pthread_create exists in the pthreads failed with the following output:
Change Dir: /media/work/live2d/Samples/OpenGL/Demo/proj.linux.cmake/build/make_gcc/CMakeFiles/CMakeScratch/TryCompile-oyW5yV

Run Build Command(s):/usr/bin/make -f Makefile cmTC_adbda/fast && /usr/bin/make  -f CMakeFiles/cmTC_adbda.dir/build.make CMakeFiles/cmTC_adbda.dir/build
make[1]: Entering directory '/media/work/live2d/Samples/OpenGL/Demo/proj.linux.cmake/build/make_gcc/CMakeFiles/CMakeScratch/TryCompile-oyW5yV'
Building C object CMakeFiles/cmTC_adbda.dir/CheckFunctionExists.c.o
/usr/bin/cc   -DCHECK_FUNCTION_EXISTS=pthread_create -o CMakeFiles/cmTC_adbda.dir/CheckFunctionExists.c.o -c /media/work/live2d/Samples/OpenGL/Demo/proj.linux.cmake/build/make_gcc/CMakeFiles/CMakeScratch/TryCompile-oyW5yV/CheckFunctionExists.c
Linking C executable cmTC_adbda
/usr/bin/cmake -E cmake_link_script CMakeFiles/cmTC_adbda.dir/link.txt --verbose=1
/usr/bin/cc  -DCHECK_FUNCTION_EXISTS=pthread_create -rdynamic CMakeFiles/cmTC_adbda.dir/CheckFunctionExists.c.o -o cmTC_adbda  -lpthreads 
/usr/bin/ld: cannot find -lpthreads
collect2: error: ld returned 1 exit status
CMakeFiles/cmTC_adbda.dir/build.make:98: recipe for target 'cmTC_adbda' failed
make[1]: *** [cmTC_adbda] Error 1
make[1]: Leaving directory '/media/work/live2d/Samples/OpenGL/Demo/proj.linux.cmake/build/make_gcc/CMakeFiles/CMakeScratch/TryCompile-oyW5yV'
Makefile:127: recipe for target 'cmTC_adbda/fast' failed
make: *** [cmTC_adbda/fast] Error 2



