生成启动时间为 2024/6/18 21:39:59。
     1>项目“F:\live2d\CubismSdkForNative-5-r.1\CubismSdkForNative-5-r.1\Samples\OpenGL\Demo\proj.win.cmake\build\proj_msvc2015_x64_mt\glfw\src\glfw.vcxproj”在节点 3 上(Build 个目标)。
     1>ClCompile:
         F:\visualstudio\VC\bin\x86_amd64\CL.exe /c /I"F:\live2d\CubismSdkForNative-5-r.1\CubismSdkForNative-5-r.1\Samples\OpenGL\thirdParty\glfw\include" /I"F:\live2d\CubismSdkForNative-5-r.1\CubismSdkForNative-5-r.1\Samples\OpenGL\thirdParty\glfw\src" /I"F:\live2d\CubismSdkForNative-5-r.1\CubismSdkForNative-5-r.1\Samples\OpenGL\Demo\proj.win.cmake\build\proj_msvc2015_x64_mt\glfw\src" /Zi /nologo /W3 /WX- /Od /Ob0 /D _UNICODE /D UNICODE /D WIN32 /D _WINDOWS /D _GLFW_WIN32 /D UNICODE /D _UNICODE /D _CRT_SECURE_NO_WARNINGS /D "CMAKE_INTDIR=\"Debug\"" /RTC1 /MDd /GS /fp:precise /Zc:wchar_t /Zc:forScope /Zc:inline /Fo"glfw.dir\Debug\\" /Fd"glfw.dir\Debug\glfw.pdb" /Gd /TC /errorReport:prompt "F:\live2d\CubismSdkForNative-5-r.1\CubismSdkForNative-5-r.1\Samples\OpenGL\thirdParty\glfw\src\context.c" "F:\live2d\CubismSdkForNative-5-r.1\CubismSdkForNative-5-r.1\Samples\OpenGL\thirdParty\glfw\src\init.c" "F:\live2d\CubismSdkForNative-5-r.1\CubismSdkForNative-5-r.1\Samples\OpenGL\thirdParty\glfw\src\input.c" "F:\live2d\CubismSdkForNative-5-r.1\CubismSdkForNative-5-r.1\Samples\OpenGL\thirdParty\glfw\src\monitor.c" "F:\live2d\CubismSdkForNative-5-r.1\CubismSdkForNative-5-r.1\Samples\OpenGL\thirdParty\glfw\src\platform.c" "F:\live2d\CubismSdkForNative-5-r.1\CubismSdkForNative-5-r.1\Samples\OpenGL\thirdParty\glfw\src\vulkan.c" "F:\live2d\CubismSdkForNative-5-r.1\CubismSdkForNative-5-r.1\Samples\OpenGL\thirdParty\glfw\src\window.c" "F:\live2d\CubismSdkForNative-5-r.1\CubismSdkForNative-5-r.1\Samples\OpenGL\thirdParty\glfw\src\egl_context.c" "F:\live2d\CubismSdkForNative-5-r.1\CubismSdkForNative-5-r.1\Samples\OpenGL\thirdParty\glfw\src\osmesa_context.c" "F:\live2d\CubismSdkForNative-5-r.1\CubismSdkForNative-5-r.1\Samples\OpenGL\thirdParty\glfw\src\null_init.c" "F:\live2d\CubismSdkForNative-5-r.1\CubismSdkForNative-5-r.1\Samples\OpenGL\thirdParty\glfw\src\null_monitor.c" "F:\live2d\CubismSdkForNative-5-r.1\CubismSdkForNative-5-r.1\Samples\OpenGL\thirdParty\glfw\src\null_window.c" "F:\live2d\CubismSdkForNative-5-r.1\CubismSdkForNative-5-r.1\Samples\OpenGL\thirdParty\glfw\src\null_joystick.c" "F:\live2d\CubismSdkForNative-5-r.1\CubismSdkForNative-5-r.1\Samples\OpenGL\thirdParty\glfw\src\win32_module.c" "F:\live2d\CubismSdkForNative-5-r.1\CubismSdkForNative-5-r.1\Samples\OpenGL\thirdParty\glfw\src\win32_time.c" "F:\live2d\CubismSdkForNative-5-r.1\CubismSdkForNative-5-r.1\Samples\OpenGL\thirdParty\glfw\src\win32_thread.c" "F:\live2d\CubismSdkForNative-5-r.1\CubismSdkForNative-5-r.1\Samples\OpenGL\thirdParty\glfw\src\win32_init.c" "F:\live2d\CubismSdkForNative-5-r.1\CubismSdkForNative-5-r.1\Samples\OpenGL\thirdParty\glfw\src\win32_joystick.c" "F:\live2d\CubismSdkForNative-5-r.1\CubismSdkForNative-5-r.1\Samples\OpenGL\thirdParty\glfw\src\win32_monitor.c" "F:\live2d\CubismSdkForNative-5-r.1\CubismSdkForNative-5-r.1\Samples\OpenGL\thirdParty\glfw\src\win32_window.c" "F:\live2d\CubismSdkForNative-5-r.1\CubismSdkForNative-5-r.1\Samples\OpenGL\thirdParty\glfw\src\wgl_context.c"
         context.c
         init.c
         input.c
         monitor.c
         platform.c
         vulkan.c
         window.c
         egl_context.c
         osmesa_context.c
         null_init.c
         null_monitor.c
         null_window.c
         null_joystick.c
         win32_module.c
         win32_time.c
         win32_thread.c
         win32_init.c
         win32_joystick.c
         win32_monitor.c
         win32_window.c
         正在生成代码...
         正在编译...
         wgl_context.c
         正在生成代码...
       Lib:
         F:\visualstudio\VC\bin\x86_amd64\Lib.exe /OUT:"F:\live2d\CubismSdkForNative-5-r.1\CubismSdkForNative-5-r.1\Samples\OpenGL\Demo\proj.win.cmake\build\proj_msvc2015_x64_mt\glfw\src\Debug\glfw3.lib" /NOLOGO /MACHINE:X64  /machine:x64 glfw.dir\Debug\context.obj
         glfw.dir\Debug\init.obj
         glfw.dir\Debug\input.obj
         glfw.dir\Debug\monitor.obj
         glfw.dir\Debug\platform.obj
         glfw.dir\Debug\vulkan.obj
         glfw.dir\Debug\window.obj
         glfw.dir\Debug\egl_context.obj
         glfw.dir\Debug\osmesa_context.obj
         glfw.dir\Debug\null_init.obj
         glfw.dir\Debug\null_monitor.obj
         glfw.dir\Debug\null_window.obj
         glfw.dir\Debug\null_joystick.obj
         glfw.dir\Debug\win32_module.obj
         glfw.dir\Debug\win32_time.obj
         glfw.dir\Debug\win32_thread.obj
         glfw.dir\Debug\win32_init.obj
         glfw.dir\Debug\win32_joystick.obj
         glfw.dir\Debug\win32_monitor.obj
         glfw.dir\Debug\win32_window.obj
         glfw.dir\Debug\wgl_context.obj
         glfw.vcxproj -> F:\live2d\CubismSdkForNative-5-r.1\CubismSdkForNative-5-r.1\Samples\OpenGL\Demo\proj.win.cmake\build\proj_msvc2015_x64_mt\glfw\src\Debug\glfw3.lib
     1>已完成生成项目“F:\live2d\CubismSdkForNative-5-r.1\CubismSdkForNative-5-r.1\Samples\OpenGL\Demo\proj.win.cmake\build\proj_msvc2015_x64_mt\glfw\src\glfw.vcxproj”(Build 个目标)的操作。

已成功生成。

已用时间 00:00:03.30
